# JRE version: Java(TM) SE Runtime Environment (17.0.11+7) (build 17.0.11+7-LTS-207)
# Java VM: Java HotSpot(TM) 64-Bit Server VM (17.0.11+7-LTS-207, mixed mode, sharing, tiered, compressed oops, compressed class ptrs, g1 gc, windows-amd64)
GC Precious Log:
 CPUs: 8 total, 8 available
 Memory: 16227M
 Large Page Support: Disabled
 NUMA Support: Disabled
 Compressed Oops: Enabled (Zero based)
 Heap Region Size: 2M
 Heap Min Capacity: 8M
 Heap Initial Capacity: 254M
 Heap Max Capacity: 4058M
 Pre-touch: Disabled
 Parallel Workers: 8
 Concurrent Workers: 2
 Concurrent Refinement Workers: 8
 Periodic GC: Disabled
Heap:
 garbage-first heap   total 180224K, used 106454K [0x0000000702600000, 0x0000000800000000)
  region size 2048K, 14 young (28672K), 1 survivors (2048K)
 Metaspace       used 33827K, committed 34304K, reserved 1114112K
  class space    used 3808K, committed 4032K, reserved 1048576K
GC Heap History (20 events):
Event: 8.864 GC heap before
{Heap before GC invocations=5 (full 0):
 garbage-first heap   total 90112K, used 61506K [0x0000000702600000, 0x0000000800000000)
  region size 2048K, 22 young (45056K), 2 survivors (4096K)
 Metaspace       used 25342K, committed 25664K, reserved 1114112K
  class space    used 2946K, committed 3136K, reserved 1048576K
}
Event: 8.882 GC heap after
{Heap after GC invocations=6 (full 0):
 garbage-first heap   total 90112K, used 39338K [0x0000000702600000, 0x0000000800000000)
  region size 2048K, 4 young (8192K), 4 survivors (8192K)
 Metaspace       used 25342K, committed 25664K, reserved 1114112K
  class space    used 2946K, committed 3136K, reserved 1048576K
}
Event: 8.907 GC heap before
{Heap before GC invocations=6 (full 0):
 garbage-first heap   total 90112K, used 39338K [0x0000000702600000, 0x0000000800000000)
  region size 2048K, 5 young (10240K), 4 survivors (8192K)
 Metaspace       used 25346K, committed 25664K, reserved 1114112K
  class space    used 2946K, committed 3136K, reserved 1048576K
}
Event: 8.919 GC heap after
{Heap after GC invocations=7 (full 0):
 garbage-first heap   total 90112K, used 41496K [0x0000000702600000, 0x0000000800000000)
  region size 2048K, 1 young (2048K), 1 survivors (2048K)
 Metaspace       used 25346K, committed 25664K, reserved 1114112K
  class space    used 2946K, committed 3136K, reserved 1048576K
}
Event: 9.415 GC heap before
{Heap before GC invocations=7 (full 0):
 garbage-first heap   total 90112K, used 57880K [0x0000000702600000, 0x0000000800000000)
  region size 2048K, 9 young (18432K), 1 survivors (2048K)
 Metaspace       used 25968K, committed 26240K, reserved 1114112K
  class space    used 3017K, committed 3136K, reserved 1048576K
}
Event: 9.428 GC heap after
{Heap after GC invocations=8 (full 0):
 garbage-first heap   total 90112K, used 45056K [0x0000000702600000, 0x0000000800000000)
  region size 2048K, 2 young (4096K), 2 survivors (4096K)
 Metaspace       used 25968K, committed 26240K, reserved 1114112K
  class space    used 3017K, committed 3136K, reserved 1048576K
}
Event: 9.695 GC heap before
{Heap before GC invocations=9 (full 0):
 garbage-first heap   total 90112K, used 59392K [0x0000000702600000, 0x0000000800000000)
  region size 2048K, 10 young (20480K), 2 survivors (4096K)
 Metaspace       used 26149K, committed 26432K, reserved 1114112K
  class space    used 3023K, committed 3136K, reserved 1048576K
}
Event: 9.714 GC heap after
{Heap after GC invocations=10 (full 0):
 garbage-first heap   total 90112K, used 48519K [0x0000000702600000, 0x0000000800000000)
  region size 2048K, 2 young (4096K), 2 survivors (4096K)
 Metaspace       used 26149K, committed 26432K, reserved 1114112K
  class space    used 3023K, committed 3136K, reserved 1048576K
}
Event: 9.739 GC heap before
{Heap before GC invocations=10 (full 0):
 garbage-first heap   total 90112K, used 50567K [0x0000000702600000, 0x0000000800000000)
  region size 2048K, 3 young (6144K), 2 survivors (4096K)
 Metaspace       used 26177K, committed 26496K, reserved 1114112K
  class space    used 3023K, committed 3136K, reserved 1048576K
}
Event: 9.751 GC heap after
{Heap after GC invocations=11 (full 0):
 garbage-first heap   total 180224K, used 48240K [0x0000000702600000, 0x0000000800000000)
  region size 2048K, 1 young (2048K), 1 survivors (2048K)
 Metaspace       used 26177K, committed 26496K, reserved 1114112K
  class space    used 3023K, committed 3136K, reserved 1048576K
}
Event: 11.721 GC heap before
{Heap before GC invocations=11 (full 0):
 garbage-first heap   total 180224K, used 107632K [0x0000000702600000, 0x0000000800000000)
  region size 2048K, 30 young (61440K), 1 survivors (2048K)
 Metaspace       used 28659K, committed 28928K, reserved 1114112K
  class space    used 3281K, committed 3392K, reserved 1048576K
}
Event: 11.732 GC heap after
{Heap after GC invocations=12 (full 0):
 garbage-first heap   total 180224K, used 51196K [0x0000000702600000, 0x0000000800000000)
  region size 2048K, 2 young (4096K), 2 survivors (4096K)
 Metaspace       used 28659K, committed 28928K, reserved 1114112K
  class space    used 3281K, committed 3392K, reserved 1048576K
}
Event: 12.892 GC heap before
{Heap before GC invocations=12 (full 0):
 garbage-first heap   total 180224K, used 114684K [0x0000000702600000, 0x0000000800000000)
  region size 2048K, 33 young (67584K), 2 survivors (4096K)
 Metaspace       used 29157K, committed 29504K, reserved 1114112K
  class space    used 3300K, committed 3456K, reserved 1048576K
}
Event: 12.903 GC heap after
{Heap after GC invocations=13 (full 0):
 garbage-first heap   total 180224K, used 52067K [0x0000000702600000, 0x0000000800000000)
  region size 2048K, 3 young (6144K), 3 survivors (6144K)
 Metaspace       used 29157K, committed 29504K, reserved 1114112K
  class space    used 3300K, committed 3456K, reserved 1048576K
}
Event: 15.146 GC heap before
{Heap before GC invocations=13 (full 0):
 garbage-first heap   total 180224K, used 123747K [0x0000000702600000, 0x0000000800000000)
  region size 2048K, 36 young (73728K), 3 survivors (6144K)
 Metaspace       used 31231K, committed 31616K, reserved 1114112K
  class space    used 3532K, committed 3712K, reserved 1048576K
}
Event: 15.168 GC heap after
{Heap after GC invocations=14 (full 0):
 garbage-first heap   total 180224K, used 72008K [0x0000000702600000, 0x0000000800000000)
  region size 2048K, 5 young (10240K), 5 survivors (10240K)
 Metaspace       used 31231K, committed 31616K, reserved 1114112K
  class space    used 3532K, committed 3712K, reserved 1048576K
}
Event: 16.315 GC heap before
{Heap before GC invocations=14 (full 0):
 garbage-first heap   total 180224K, used 125256K [0x0000000702600000, 0x0000000800000000)
  region size 2048K, 31 young (63488K), 5 survivors (10240K)
 Metaspace       used 32139K, committed 32448K, reserved 1114112K
  class space    used 3637K, committed 3776K, reserved 1048576K
}
Event: 16.334 GC heap after
{Heap after GC invocations=15 (full 0):
 garbage-first heap   total 180224K, used 85266K [0x0000000702600000, 0x0000000800000000)
  region size 2048K, 4 young (8192K), 4 survivors (8192K)
 Metaspace       used 32139K, committed 32448K, reserved 1114112K
  class space    used 3637K, committed 3776K, reserved 1048576K
}
Event: 17.259 GC heap before
{Heap before GC invocations=15 (full 0):
 garbage-first heap   total 180224K, used 126226K [0x0000000702600000, 0x0000000800000000)
  region size 2048K, 25 young (51200K), 4 survivors (8192K)
 Metaspace       used 32826K, committed 33152K, reserved 1114112K
  class space    used 3697K, committed 3840K, reserved 1048576K
}
Event: 17.267 GC heap after
{Heap after GC invocations=16 (full 0):
 garbage-first heap   total 180224K, used 83926K [0x0000000702600000, 0x0000000800000000)
  region size 2048K, 1 young (2048K), 1 survivors (2048K)
 Metaspace       used 32826K, committed 33152K, reserved 1114112K
  class space    used 3697K, committed 3840K, reserved 1048576K
}

